<?xml version="1.0" encoding="UTF-8"?>
<testng-results ignored="0" total="1" passed="1" failed="0" skipped="0">
  <reporter-output>
  </reporter-output>
  <suite started-at="2021-06-05T14:52:01 PET" name="Surefire suite" finished-at="2021-06-05T14:52:01 PET" duration-ms="47">
    <groups>
    </groups>
    <test started-at="2021-06-05T14:52:01 PET" name="Surefire test" finished-at="2021-06-05T14:52:01 PET" duration-ms="47">
      <class name="AppTest">
        <test-method signature="test1()[pri:0, instance:AppTest@5ae95707]" started-at="2021-06-05T14:52:01 PET" name="test1" finished-at="2021-06-05T14:52:01 PET" duration-ms="12" status="PASS">
          <reporter-output>
          </reporter-output>
        </test-method> <!-- test1 -->
      </class> <!-- AppTest -->
    </test> <!-- Surefire test -->
  </suite> <!-- Surefire suite -->
</testng-results>
